<?xml version="1.0" encoding="UTF-8"?>
<testng-results ignored="0" total="3" passed="3" failed="0" skipped="0">
  <reporter-output>
  </reporter-output>
  <suite started-at="2020-10-30T12:34:01 CLST" name="rpa.NotepadTest" finished-at="2020-10-30T12:34:11 CLST" duration-ms="9733">
    <groups>
    </groups>
    <test started-at="2020-10-30T12:34:01 CLST" name="Command line test" finished-at="2020-10-30T12:34:11 CLST" duration-ms="9733">
      <class name="rpa.NotepadTest">
        <test-method is-config="true" signature="setUp()[pri:0, instance:rpa.NotepadTest@7ed7259e]" started-at="2020-10-30T12:34:01 CLST" name="setUp" finished-at="2020-10-30T12:34:04 CLST" duration-ms="3009" status="PASS">
          <reporter-output>
          </reporter-output>
        </test-method> <!-- setUp -->
        <test-method signature="checkAboutWindow()[pri:0, instance:rpa.NotepadTest@7ed7259e]" started-at="2020-10-30T12:34:04 CLST" name="checkAboutWindow" finished-at="2020-10-30T12:34:06 CLST" duration-ms="1939" status="PASS">
          <reporter-output>
          </reporter-output>
        </test-method> <!-- checkAboutWindow -->
        <test-method is-config="true" signature="cleanApp()[pri:0, instance:rpa.NotepadTest@7ed7259e]" started-at="2020-10-30T12:34:06 CLST" name="cleanApp" finished-at="2020-10-30T12:34:07 CLST" duration-ms="804" status="PASS">
          <reporter-output>
          </reporter-output>
        </test-method> <!-- cleanApp -->
        <test-method signature="pressTimeAndDateButton()[pri:0, instance:rpa.NotepadTest@7ed7259e]" started-at="2020-10-30T12:34:07 CLST" name="pressTimeAndDateButton" finished-at="2020-10-30T12:34:08 CLST" duration-ms="971" status="PASS">
          <reporter-output>
          </reporter-output>
        </test-method> <!-- pressTimeAndDateButton -->
        <test-method is-config="true" signature="cleanApp()[pri:0, instance:rpa.NotepadTest@7ed7259e]" started-at="2020-10-30T12:34:08 CLST" name="cleanApp" finished-at="2020-10-30T12:34:09 CLST" duration-ms="1067" status="PASS">
          <reporter-output>
          </reporter-output>
        </test-method> <!-- cleanApp -->
        <test-method signature="sendTestText()[pri:0, instance:rpa.NotepadTest@7ed7259e]" started-at="2020-10-30T12:34:09 CLST" name="sendTestText" finished-at="2020-10-30T12:34:10 CLST" duration-ms="1009" status="PASS">
          <reporter-output>
          </reporter-output>
        </test-method> <!-- sendTestText -->
        <test-method is-config="true" signature="cleanApp()[pri:0, instance:rpa.NotepadTest@7ed7259e]" started-at="2020-10-30T12:34:10 CLST" name="cleanApp" finished-at="2020-10-30T12:34:11 CLST" duration-ms="887" status="PASS">
          <reporter-output>
          </reporter-output>
        </test-method> <!-- cleanApp -->
        <test-method is-config="true" signature="tearDown()[pri:0, instance:rpa.NotepadTest@7ed7259e]" started-at="2020-10-30T12:34:11 CLST" name="tearDown" finished-at="2020-10-30T12:34:11 CLST" duration-ms="150" status="PASS">
          <reporter-output>
          </reporter-output>
        </test-method> <!-- tearDown -->
      </class> <!-- rpa.NotepadTest -->
    </test> <!-- Command line test -->
  </suite> <!-- rpa.NotepadTest -->
</testng-results>
